{"/home/domwick/Documents/Driven/exercicios/minicourses/tests/games-enunciado/src/app.ts": {"path":"/home/domwick/Documents/Driven/exercicios/minicourses/tests/games-enunciado/src/app.ts","statementMap":{"0":{"start":{"line":1,"column":0},"end":{"line":1,"column":59}},"1":{"start":{"line":2,"column":0},"end":{"line":2,"column":30}},"2":{"start":{"line":3,"column":0},"end":{"line":3,"column":49}},"3":{"start":{"line":4,"column":0},"end":{"line":4,"column":55}},"4":{"start":{"line":6,"column":12},"end":{"line":6,"column":21}},"5":{"start":{"line":7,"column":0},"end":{"line":7,"column":16}},"6":{"start":{"line":9,"column":0},"end":{"line":9,"column":77}},"7":{"start":{"line":9,"column":52},"end":{"line":9,"column":75}},"8":{"start":{"line":10,"column":0},"end":{"line":10,"column":21}},"9":{"start":{"line":11,"column":0},"end":{"line":11,"column":24}},"10":{"start":{"line":13,"column":0},"end":{"line":13,"column":19}}},"fnMap":{"0":{"name":"(anonymous_7)","decl":{"start":{"line":9,"column":19},"end":{"line":9,"column":20}},"loc":{"start":{"line":9,"column":52},"end":{"line":9,"column":75}}}},"branchMap":{},"s":{"0":3,"1":3,"2":3,"3":3,"4":3,"5":3,"6":3,"7":1,"8":3,"9":3,"10":3},"f":{"0":1},"b":{}}
,"/home/domwick/Documents/Driven/exercicios/minicourses/tests/games-enunciado/src/config/database.ts": {"path":"/home/domwick/Documents/Driven/exercicios/minicourses/tests/games-enunciado/src/config/database.ts","statementMap":{"0":{"start":{"line":1,"column":0},"end":{"line":1,"column":45}},"1":{"start":{"line":2,"column":15},"end":{"line":2,"column":33}},"2":{"start":{"line":4,"column":0},"end":{"line":4,"column":22}}},"fnMap":{},"branchMap":{},"s":{"0":3,"1":3,"2":3},"f":{},"b":{}}
,"/home/domwick/Documents/Driven/exercicios/minicourses/tests/games-enunciado/src/controllers/consoles-controller.ts": {"path":"/home/domwick/Documents/Driven/exercicios/minicourses/tests/games-enunciado/src/controllers/consoles-controller.ts","statementMap":{"0":{"start":{"line":2,"column":0},"end":{"line":2,"column":37}},"1":{"start":{"line":4,"column":0},"end":{"line":4,"column":77}},"2":{"start":{"line":7,"column":19},"end":{"line":7,"column":54}},"3":{"start":{"line":8,"column":2},"end":{"line":8,"column":21}},"4":{"start":{"line":6,"column":0},"end":{"line":6,"column":22}},"5":{"start":{"line":12,"column":13},"end":{"line":12,"column":36}},"6":{"start":{"line":13,"column":2},"end":{"line":19,"column":null}},"7":{"start":{"line":14,"column":20},"end":{"line":14,"column":64}},"8":{"start":{"line":15,"column":4},"end":{"line":15,"column":22}},"9":{"start":{"line":17,"column":4},"end":{"line":17,"column":23}},"10":{"start":{"line":18,"column":4},"end":{"line":18,"column":41}},"11":{"start":{"line":11,"column":0},"end":{"line":11,"column":22}},"12":{"start":{"line":23,"column":26},"end":{"line":23,"column":50}},"13":{"start":{"line":24,"column":2},"end":{"line":30,"column":null}},"14":{"start":{"line":25,"column":4},"end":{"line":25,"column":57}},"15":{"start":{"line":26,"column":4},"end":{"line":26,"column":39}},"16":{"start":{"line":28,"column":4},"end":{"line":28,"column":23}},"17":{"start":{"line":29,"column":4},"end":{"line":29,"column":40}},"18":{"start":{"line":22,"column":0},"end":{"line":22,"column":22}}},"fnMap":{"0":{"name":"getConsoles","decl":{"start":{"line":6,"column":22},"end":{"line":6,"column":33}},"loc":{"start":{"line":6,"column":61},"end":{"line":9,"column":null}}},"1":{"name":"getSpecificConsole","decl":{"start":{"line":11,"column":22},"end":{"line":11,"column":40}},"loc":{"start":{"line":11,"column":68},"end":{"line":20,"column":null}}},"2":{"name":"createConsole","decl":{"start":{"line":22,"column":22},"end":{"line":22,"column":35}},"loc":{"start":{"line":22,"column":63},"end":{"line":31,"column":null}}}},"branchMap":{},"s":{"0":3,"1":3,"2":1,"3":1,"4":3,"5":2,"6":2,"7":2,"8":1,"9":1,"10":1,"11":3,"12":2,"13":2,"14":2,"15":1,"16":1,"17":1,"18":3},"f":{"0":1,"1":2,"2":2},"b":{}}
,"/home/domwick/Documents/Driven/exercicios/minicourses/tests/games-enunciado/src/controllers/games-controller.ts": {"path":"/home/domwick/Documents/Driven/exercicios/minicourses/tests/games-enunciado/src/controllers/games-controller.ts","statementMap":{"0":{"start":{"line":2,"column":0},"end":{"line":2,"column":37}},"1":{"start":{"line":4,"column":0},"end":{"line":4,"column":68}},"2":{"start":{"line":7,"column":16},"end":{"line":7,"column":45}},"3":{"start":{"line":8,"column":2},"end":{"line":8,"column":18}},"4":{"start":{"line":6,"column":0},"end":{"line":6,"column":22}},"5":{"start":{"line":12,"column":13},"end":{"line":12,"column":36}},"6":{"start":{"line":13,"column":2},"end":{"line":19,"column":null}},"7":{"start":{"line":14,"column":17},"end":{"line":14,"column":55}},"8":{"start":{"line":15,"column":4},"end":{"line":15,"column":19}},"9":{"start":{"line":17,"column":4},"end":{"line":17,"column":23}},"10":{"start":{"line":18,"column":4},"end":{"line":18,"column":41}},"11":{"start":{"line":11,"column":0},"end":{"line":11,"column":22}},"12":{"start":{"line":23,"column":15},"end":{"line":23,"column":36}},"13":{"start":{"line":24,"column":2},"end":{"line":30,"column":null}},"14":{"start":{"line":25,"column":4},"end":{"line":25,"column":40}},"15":{"start":{"line":26,"column":4},"end":{"line":26,"column":39}},"16":{"start":{"line":28,"column":4},"end":{"line":28,"column":23}},"17":{"start":{"line":29,"column":4},"end":{"line":29,"column":40}},"18":{"start":{"line":22,"column":0},"end":{"line":22,"column":22}}},"fnMap":{"0":{"name":"getGames","decl":{"start":{"line":6,"column":22},"end":{"line":6,"column":30}},"loc":{"start":{"line":6,"column":58},"end":{"line":9,"column":null}}},"1":{"name":"getSpecificGame","decl":{"start":{"line":11,"column":22},"end":{"line":11,"column":37}},"loc":{"start":{"line":11,"column":65},"end":{"line":20,"column":null}}},"2":{"name":"createGame","decl":{"start":{"line":22,"column":22},"end":{"line":22,"column":32}},"loc":{"start":{"line":22,"column":60},"end":{"line":31,"column":null}}}},"branchMap":{},"s":{"0":3,"1":3,"2":1,"3":1,"4":3,"5":2,"6":2,"7":2,"8":1,"9":1,"10":1,"11":3,"12":3,"13":3,"14":3,"15":1,"16":2,"17":2,"18":3},"f":{"0":1,"1":2,"2":3},"b":{}}
,"/home/domwick/Documents/Driven/exercicios/minicourses/tests/games-enunciado/src/middlewares/schemaValidatorMiddleware.ts": {"path":"/home/domwick/Documents/Driven/exercicios/minicourses/tests/games-enunciado/src/middlewares/schemaValidatorMiddleware.ts","statementMap":{"0":{"start":{"line":2,"column":0},"end":{"line":2,"column":37}},"1":{"start":{"line":6,"column":2},"end":{"line":13,"column":4}},"2":{"start":{"line":7,"column":23},"end":{"line":7,"column":48}},"3":{"start":{"line":8,"column":4},"end":{"line":10,"column":null}},"4":{"start":{"line":9,"column":6},"end":{"line":9,"column":99}},"5":{"start":{"line":12,"column":4},"end":{"line":12,"column":11}},"6":{"start":{"line":5,"column":0},"end":{"line":5,"column":16}}},"fnMap":{"0":{"name":"validateSchemaMiddleware","decl":{"start":{"line":5,"column":16},"end":{"line":5,"column":40}},"loc":{"start":{"line":5,"column":61},"end":{"line":14,"column":1}}},"1":{"name":"(anonymous_2)","decl":{"start":{"line":6,"column":9},"end":{"line":6,"column":10}},"loc":{"start":{"line":6,"column":61},"end":{"line":13,"column":3}}}},"branchMap":{"0":{"loc":{"start":{"line":8,"column":4},"end":{"line":10,"column":null}},"type":"if","locations":[{"start":{"line":8,"column":4},"end":{"line":10,"column":null}}]}},"s":{"0":3,"1":6,"2":7,"3":7,"4":2,"5":5,"6":3},"f":{"0":6,"1":7},"b":{"0":[2]}}
,"/home/domwick/Documents/Driven/exercicios/minicourses/tests/games-enunciado/src/repositories/consoles-repository.ts": {"path":"/home/domwick/Documents/Driven/exercicios/minicourses/tests/games-enunciado/src/repositories/consoles-repository.ts","statementMap":{"0":{"start":{"line":1,"column":0},"end":{"line":1,"column":40}},"1":{"start":{"line":5,"column":2},"end":{"line":5,"column":41}},"2":{"start":{"line":9,"column":2},"end":{"line":11,"column":null}},"3":{"start":{"line":15,"column":2},"end":{"line":19,"column":null}},"4":{"start":{"line":23,"column":2},"end":{"line":25,"column":null}},"5":{"start":{"line":28,"column":27},"end":{"line":33,"column":null}},"6":{"start":{"line":35,"column":0},"end":{"line":35,"column":34}}},"fnMap":{"0":{"name":"getConsoles","decl":{"start":{"line":4,"column":15},"end":{"line":4,"column":26}},"loc":{"start":{"line":4,"column":26},"end":{"line":6,"column":null}}},"1":{"name":"getSpecificConsole","decl":{"start":{"line":8,"column":15},"end":{"line":8,"column":33}},"loc":{"start":{"line":8,"column":44},"end":{"line":12,"column":null}}},"2":{"name":"getSpecificConsoleByName","decl":{"start":{"line":14,"column":15},"end":{"line":14,"column":39}},"loc":{"start":{"line":14,"column":52},"end":{"line":20,"column":null}}},"3":{"name":"insertConsole","decl":{"start":{"line":22,"column":15},"end":{"line":22,"column":28}},"loc":{"start":{"line":22,"column":50},"end":{"line":26,"column":null}}}},"branchMap":{},"s":{"0":3,"1":1,"2":4,"3":2,"4":1,"5":3,"6":3},"f":{"0":1,"1":4,"2":2,"3":1},"b":{}}
,"/home/domwick/Documents/Driven/exercicios/minicourses/tests/games-enunciado/src/repositories/games-repository.ts": {"path":"/home/domwick/Documents/Driven/exercicios/minicourses/tests/games-enunciado/src/repositories/games-repository.ts","statementMap":{"0":{"start":{"line":1,"column":0},"end":{"line":1,"column":40}},"1":{"start":{"line":5,"column":2},"end":{"line":9,"column":5}},"2":{"start":{"line":13,"column":2},"end":{"line":15,"column":null}},"3":{"start":{"line":19,"column":2},"end":{"line":23,"column":null}},"4":{"start":{"line":27,"column":2},"end":{"line":29,"column":null}},"5":{"start":{"line":32,"column":24},"end":{"line":37,"column":null}},"6":{"start":{"line":39,"column":0},"end":{"line":39,"column":31}}},"fnMap":{"0":{"name":"getGames","decl":{"start":{"line":4,"column":15},"end":{"line":4,"column":23}},"loc":{"start":{"line":4,"column":23},"end":{"line":10,"column":null}}},"1":{"name":"getSpecificGame","decl":{"start":{"line":12,"column":15},"end":{"line":12,"column":30}},"loc":{"start":{"line":12,"column":41},"end":{"line":16,"column":null}}},"2":{"name":"getSpecificGameByName","decl":{"start":{"line":18,"column":15},"end":{"line":18,"column":36}},"loc":{"start":{"line":18,"column":50},"end":{"line":24,"column":null}}},"3":{"name":"insertGame","decl":{"start":{"line":26,"column":15},"end":{"line":26,"column":25}},"loc":{"start":{"line":26,"column":41},"end":{"line":30,"column":null}}}},"branchMap":{},"s":{"0":3,"1":1,"2":2,"3":3,"4":1,"5":3,"6":3},"f":{"0":1,"1":2,"2":3,"3":1},"b":{}}
,"/home/domwick/Documents/Driven/exercicios/minicourses/tests/games-enunciado/src/routers/consoles-router.ts": {"path":"/home/domwick/Documents/Driven/exercicios/minicourses/tests/games-enunciado/src/routers/consoles-router.ts","statementMap":{"0":{"start":{"line":1,"column":0},"end":{"line":1,"column":33}},"1":{"start":{"line":3,"column":0},"end":{"line":3,"column":100}},"2":{"start":{"line":4,"column":0},"end":{"line":4,"column":84}},"3":{"start":{"line":5,"column":0},"end":{"line":5,"column":58}},"4":{"start":{"line":7,"column":23},"end":{"line":7,"column":31}},"5":{"start":{"line":9,"column":0},"end":{"line":9,"column":45}},"6":{"start":{"line":10,"column":0},"end":{"line":10,"column":56}},"7":{"start":{"line":11,"column":0},"end":{"line":11,"column":89}},"8":{"start":{"line":13,"column":0},"end":{"line":13,"column":30}}},"fnMap":{},"branchMap":{},"s":{"0":3,"1":3,"2":3,"3":3,"4":3,"5":3,"6":3,"7":3,"8":3},"f":{},"b":{}}
,"/home/domwick/Documents/Driven/exercicios/minicourses/tests/games-enunciado/src/routers/games-router.ts": {"path":"/home/domwick/Documents/Driven/exercicios/minicourses/tests/games-enunciado/src/routers/games-router.ts","statementMap":{"0":{"start":{"line":1,"column":0},"end":{"line":1,"column":33}},"1":{"start":{"line":3,"column":0},"end":{"line":3,"column":88}},"2":{"start":{"line":4,"column":0},"end":{"line":4,"column":84}},"3":{"start":{"line":5,"column":0},"end":{"line":5,"column":52}},"4":{"start":{"line":7,"column":20},"end":{"line":7,"column":28}},"5":{"start":{"line":9,"column":0},"end":{"line":9,"column":36}},"6":{"start":{"line":10,"column":0},"end":{"line":10,"column":47}},"7":{"start":{"line":11,"column":0},"end":{"line":11,"column":77}},"8":{"start":{"line":13,"column":0},"end":{"line":13,"column":27}}},"fnMap":{},"branchMap":{},"s":{"0":3,"1":3,"2":3,"3":3,"4":3,"5":3,"6":3,"7":3,"8":3},"f":{},"b":{}}
,"/home/domwick/Documents/Driven/exercicios/minicourses/tests/games-enunciado/src/schemas/console-schema.ts": {"path":"/home/domwick/Documents/Driven/exercicios/minicourses/tests/games-enunciado/src/schemas/console-schema.ts","statementMap":{"0":{"start":{"line":1,"column":0},"end":{"line":1,"column":22}},"1":{"start":{"line":4,"column":13},"end":{"line":6,"column":3}}},"fnMap":{},"branchMap":{},"s":{"0":3,"1":3},"f":{},"b":{}}
,"/home/domwick/Documents/Driven/exercicios/minicourses/tests/games-enunciado/src/schemas/game-schema.ts": {"path":"/home/domwick/Documents/Driven/exercicios/minicourses/tests/games-enunciado/src/schemas/game-schema.ts","statementMap":{"0":{"start":{"line":1,"column":0},"end":{"line":1,"column":22}},"1":{"start":{"line":4,"column":13},"end":{"line":7,"column":3}}},"fnMap":{},"branchMap":{},"s":{"0":3,"1":3},"f":{},"b":{}}
,"/home/domwick/Documents/Driven/exercicios/minicourses/tests/games-enunciado/src/services/consoles-service.ts": {"path":"/home/domwick/Documents/Driven/exercicios/minicourses/tests/games-enunciado/src/services/consoles-service.ts","statementMap":{"0":{"start":{"line":2,"column":0},"end":{"line":2,"column":69}},"1":{"start":{"line":7,"column":19},"end":{"line":7,"column":57}},"2":{"start":{"line":8,"column":2},"end":{"line":8,"column":18}},"3":{"start":{"line":12,"column":18},"end":{"line":12,"column":65}},"4":{"start":{"line":13,"column":2},"end":{"line":15,"column":null}},"5":{"start":{"line":14,"column":4},"end":{"line":14,"column":null}},"6":{"start":{"line":17,"column":2},"end":{"line":17,"column":17}},"7":{"start":{"line":21,"column":35},"end":{"line":21,"column":98}},"8":{"start":{"line":22,"column":2},"end":{"line":24,"column":null}},"9":{"start":{"line":23,"column":4},"end":{"line":23,"column":null}},"10":{"start":{"line":26,"column":2},"end":{"line":26,"column":50}},"11":{"start":{"line":29,"column":24},"end":{"line":33,"column":null}},"12":{"start":{"line":35,"column":0},"end":{"line":35,"column":31}}},"fnMap":{"0":{"name":"getConsoles","decl":{"start":{"line":6,"column":15},"end":{"line":6,"column":26}},"loc":{"start":{"line":6,"column":26},"end":{"line":9,"column":null}}},"1":{"name":"getSpecificConsole","decl":{"start":{"line":11,"column":15},"end":{"line":11,"column":33}},"loc":{"start":{"line":11,"column":44},"end":{"line":18,"column":null}}},"2":{"name":"createConsole","decl":{"start":{"line":20,"column":15},"end":{"line":20,"column":28}},"loc":{"start":{"line":20,"column":50},"end":{"line":27,"column":null}}}},"branchMap":{"0":{"loc":{"start":{"line":13,"column":2},"end":{"line":15,"column":null}},"type":"if","locations":[{"start":{"line":13,"column":2},"end":{"line":15,"column":null}}]},"1":{"loc":{"start":{"line":22,"column":2},"end":{"line":24,"column":null}},"type":"if","locations":[{"start":{"line":22,"column":2},"end":{"line":24,"column":null}}]}},"s":{"0":3,"1":1,"2":1,"3":2,"4":2,"5":1,"6":1,"7":2,"8":2,"9":1,"10":1,"11":3,"12":3},"f":{"0":1,"1":2,"2":2},"b":{"0":[1],"1":[1]}}
,"/home/domwick/Documents/Driven/exercicios/minicourses/tests/games-enunciado/src/services/games-service.ts": {"path":"/home/domwick/Documents/Driven/exercicios/minicourses/tests/games-enunciado/src/services/games-service.ts","statementMap":{"0":{"start":{"line":2,"column":0},"end":{"line":2,"column":69}},"1":{"start":{"line":3,"column":0},"end":{"line":3,"column":63}},"2":{"start":{"line":8,"column":16},"end":{"line":8,"column":48}},"3":{"start":{"line":9,"column":2},"end":{"line":9,"column":15}},"4":{"start":{"line":13,"column":15},"end":{"line":13,"column":56}},"5":{"start":{"line":14,"column":2},"end":{"line":16,"column":null}},"6":{"start":{"line":15,"column":4},"end":{"line":15,"column":null}},"7":{"start":{"line":18,"column":2},"end":{"line":18,"column":14}},"8":{"start":{"line":22,"column":32},"end":{"line":22,"column":87}},"9":{"start":{"line":23,"column":2},"end":{"line":25,"column":null}},"10":{"start":{"line":24,"column":4},"end":{"line":24,"column":null}},"11":{"start":{"line":27,"column":18},"end":{"line":27,"column":77}},"12":{"start":{"line":28,"column":2},"end":{"line":30,"column":null}},"13":{"start":{"line":29,"column":4},"end":{"line":29,"column":null}},"14":{"start":{"line":32,"column":2},"end":{"line":32,"column":41}},"15":{"start":{"line":35,"column":21},"end":{"line":39,"column":null}},"16":{"start":{"line":41,"column":0},"end":{"line":41,"column":28}}},"fnMap":{"0":{"name":"getGames","decl":{"start":{"line":7,"column":15},"end":{"line":7,"column":23}},"loc":{"start":{"line":7,"column":23},"end":{"line":10,"column":null}}},"1":{"name":"getSpecificGame","decl":{"start":{"line":12,"column":15},"end":{"line":12,"column":30}},"loc":{"start":{"line":12,"column":41},"end":{"line":19,"column":null}}},"2":{"name":"createGame","decl":{"start":{"line":21,"column":15},"end":{"line":21,"column":25}},"loc":{"start":{"line":21,"column":41},"end":{"line":33,"column":null}}}},"branchMap":{"0":{"loc":{"start":{"line":14,"column":2},"end":{"line":16,"column":null}},"type":"if","locations":[{"start":{"line":14,"column":2},"end":{"line":16,"column":null}}]},"1":{"loc":{"start":{"line":23,"column":2},"end":{"line":25,"column":null}},"type":"if","locations":[{"start":{"line":23,"column":2},"end":{"line":25,"column":null}}]},"2":{"loc":{"start":{"line":28,"column":2},"end":{"line":30,"column":null}},"type":"if","locations":[{"start":{"line":28,"column":2},"end":{"line":30,"column":null}}]}},"s":{"0":3,"1":3,"2":1,"3":1,"4":2,"5":2,"6":1,"7":1,"8":3,"9":3,"10":1,"11":2,"12":2,"13":1,"14":1,"15":3,"16":3},"f":{"0":1,"1":2,"2":3},"b":{"0":[1],"1":[1],"2":[1]}}
,"/home/domwick/Documents/Driven/exercicios/minicourses/tests/games-enunciado/tests/helpers.ts": {"path":"/home/domwick/Documents/Driven/exercicios/minicourses/tests/games-enunciado/tests/helpers.ts","statementMap":{"0":{"start":{"line":1,"column":0},"end":{"line":1,"column":44}},"1":{"start":{"line":4,"column":4},"end":{"line":4,"column":null}},"2":{"start":{"line":5,"column":4},"end":{"line":5,"column":null}},"3":{"start":{"line":3,"column":0},"end":{"line":3,"column":22}}},"fnMap":{"0":{"name":"cleanDB","decl":{"start":{"line":3,"column":22},"end":{"line":3,"column":29}},"loc":{"start":{"line":3,"column":29},"end":{"line":6,"column":null}}}},"branchMap":{},"s":{"0":2,"1":13,"2":13,"3":2},"f":{"0":13},"b":{}}
,"/home/domwick/Documents/Driven/exercicios/minicourses/tests/games-enunciado/tests/factories/consoles.factory.ts": {"path":"/home/domwick/Documents/Driven/exercicios/minicourses/tests/games-enunciado/tests/factories/consoles.factory.ts","statementMap":{"0":{"start":{"line":1,"column":0},"end":{"line":1,"column":47}},"1":{"start":{"line":2,"column":0},"end":{"line":2,"column":39}},"2":{"start":{"line":5,"column":4},"end":{"line":7,"column":null}},"3":{"start":{"line":11,"column":4},"end":{"line":15,"column":null}},"4":{"start":{"line":20,"column":4},"end":{"line":26,"column":null}},"5":{"start":{"line":29,"column":13},"end":{"line":33,"column":null}}},"fnMap":{"0":{"name":"generateConsole","decl":{"start":{"line":4,"column":9},"end":{"line":4,"column":24}},"loc":{"start":{"line":4,"column":24},"end":{"line":8,"column":1}}},"1":{"name":"createConsole","decl":{"start":{"line":10,"column":9},"end":{"line":10,"column":22}},"loc":{"start":{"line":10,"column":22},"end":{"line":16,"column":1}}},"2":{"name":"createManyConsoles","decl":{"start":{"line":18,"column":9},"end":{"line":18,"column":27}},"loc":{"start":{"line":18,"column":27},"end":{"line":27,"column":1}}}},"branchMap":{},"s":{"0":2,"1":2,"2":4,"3":8,"4":1,"5":2},"f":{"0":4,"1":8,"2":1},"b":{}}
,"/home/domwick/Documents/Driven/exercicios/minicourses/tests/games-enunciado/tests/factories/games.factory.ts": {"path":"/home/domwick/Documents/Driven/exercicios/minicourses/tests/games-enunciado/tests/factories/games.factory.ts","statementMap":{"0":{"start":{"line":1,"column":0},"end":{"line":1,"column":47}},"1":{"start":{"line":2,"column":0},"end":{"line":2,"column":39}},"2":{"start":{"line":5,"column":4},"end":{"line":10,"column":null}},"3":{"start":{"line":14,"column":4},"end":{"line":21,"column":null}},"4":{"start":{"line":25,"column":4},"end":{"line":28,"column":null}},"5":{"start":{"line":31,"column":13},"end":{"line":35,"column":null}}},"fnMap":{"0":{"name":"createGame","decl":{"start":{"line":4,"column":9},"end":{"line":4,"column":19}},"loc":{"start":{"line":4,"column":37},"end":{"line":11,"column":1}}},"1":{"name":"createManyGames","decl":{"start":{"line":13,"column":9},"end":{"line":13,"column":24}},"loc":{"start":{"line":13,"column":42},"end":{"line":22,"column":1}}},"2":{"name":"generateGame","decl":{"start":{"line":24,"column":9},"end":{"line":24,"column":21}},"loc":{"start":{"line":24,"column":39},"end":{"line":29,"column":1}}}},"branchMap":{},"s":{"0":1,"1":1,"2":2,"3":1,"4":6,"5":1},"f":{"0":2,"1":1,"2":6},"b":{}}
,"/home/domwick/Documents/Driven/exercicios/minicourses/tests/games-enunciado/tests/factories/index.ts": {"path":"/home/domwick/Documents/Driven/exercicios/minicourses/tests/games-enunciado/tests/factories/index.ts","statementMap":{"0":{"start":{"line":1,"column":0},"end":{"line":1,"column":31}},"1":{"start":{"line":2,"column":0},"end":{"line":2,"column":34}}},"fnMap":{},"branchMap":{},"s":{"0":1,"1":1},"f":{},"b":{}}
}
